<?xml version="1.0" encoding="UTF-8"?>
<!-- Generated by org.testng.reporters.JUnitReportReporter -->
<testsuite skipped="0" hostname="HP" name="TY_maven.Demo_Maven.TestMaven" tests="1" failures="0" timestamp="08 Nov 2019 10:48:22 GMT" time="0.018" errors="0">
  <testcase name="testmvn" time="0.018" classname="TY_maven.Demo_Maven.TestMaven"/>
</testsuite> <!-- TY_maven.Demo_Maven.TestMaven -->
